1742669432.078494 client started (20709): version 3.5a, socket /tmp/tmux-1000/default, protocol 8
1742669432.078519 on Linux 6.13.7-arch1-1 #1 SMP PREEMPT_DYNAMIC Thu, 13 Mar 2025 18:12:00 +0000
1742669432.078528 using libevent 2.1.12-stable poll
1742669432.078530 using ncurses 6.5 20240427
1742669432.078540 flags are 0x18010000
1742669432.078546 socket is /tmp/tmux-1000/default
1742669432.078556 trying connect
1742669432.078592 add peer 0x642d310fbe00: 6 ((nil))
1742669432.078781 sending message 111 to peer 0x642d310fbe00 (8 bytes)
1742669432.078784 sending message 111 to peer 0x642d310fbe00 (8 bytes)
1742669432.078786 sending message 101 to peer 0x642d310fbe00 (12 bytes)
1742669432.078788 sending message 109 to peer 0x642d310fbe00 (4 bytes)
1742669432.078790 sending message 102 to peer 0x642d310fbe00 (11 bytes)
1742669432.078791 sending message 108 to peer 0x642d310fbe00 (20 bytes)
1742669432.078793 sending message 112 to peer 0x642d310fbe00 (70 bytes)
1742669432.078795 sending message 112 to peer 0x642d310fbe00 (5 bytes)
1742669432.078797 sending message 112 to peer 0x642d310fbe00 (6 bytes)
1742669432.078799 sending message 112 to peer 0x642d310fbe00 (6 bytes)
1742669432.078800 sending message 112 to peer 0x642d310fbe00 (10 bytes)
1742669432.078802 sending message 112 to peer 0x642d310fbe00 (13 bytes)
1742669432.078804 sending message 112 to peer 0x642d310fbe00 (14 bytes)
1742669432.078805 sending message 112 to peer 0x642d310fbe00 (19 bytes)
1742669432.078807 sending message 112 to peer 0x642d310fbe00 (11 bytes)
1742669432.078809 sending message 112 to peer 0x642d310fbe00 (10 bytes)
1742669432.078810 sending message 112 to peer 0x642d310fbe00 (15 bytes)
1742669432.078812 sending message 112 to peer 0x642d310fbe00 (21 bytes)
1742669432.078814 sending message 112 to peer 0x642d310fbe00 (13 bytes)
1742669432.078815 sending message 112 to peer 0x642d310fbe00 (7 bytes)
1742669432.078817 sending message 112 to peer 0x642d310fbe00 (13 bytes)
1742669432.078819 sending message 112 to peer 0x642d310fbe00 (7 bytes)
1742669432.078821 sending message 112 to peer 0x642d310fbe00 (13 bytes)
1742669432.078822 sending message 112 to peer 0x642d310fbe00 (9 bytes)
1742669432.078824 sending message 112 to peer 0x642d310fbe00 (21 bytes)
1742669432.078826 sending message 112 to peer 0x642d310fbe00 (13 bytes)
1742669432.078827 sending message 112 to peer 0x642d310fbe00 (9 bytes)
1742669432.078829 sending message 112 to peer 0x642d310fbe00 (16 bytes)
1742669432.078831 sending message 112 to peer 0x642d310fbe00 (13 bytes)
1742669432.078832 sending message 112 to peer 0x642d310fbe00 (9 bytes)
1742669432.078834 sending message 112 to peer 0x642d310fbe00 (9 bytes)
1742669432.078836 sending message 112 to peer 0x642d310fbe00 (12 bytes)
1742669432.078837 sending message 112 to peer 0x642d310fbe00 (8 bytes)
1742669432.078839 sending message 112 to peer 0x642d310fbe00 (13 bytes)
1742669432.078841 sending message 112 to peer 0x642d310fbe00 (7 bytes)
1742669432.078842 sending message 112 to peer 0x642d310fbe00 (7 bytes)
1742669432.078844 sending message 112 to peer 0x642d310fbe00 (9 bytes)
1742669432.078846 sending message 112 to peer 0x642d310fbe00 (6 bytes)
1742669432.078847 sending message 112 to peer 0x642d310fbe00 (9 bytes)
1742669432.078849 sending message 112 to peer 0x642d310fbe00 (15 bytes)
1742669432.078851 sending message 112 to peer 0x642d310fbe00 (13 bytes)
1742669432.078852 sending message 112 to peer 0x642d310fbe00 (12 bytes)
1742669432.078854 sending message 112 to peer 0x642d310fbe00 (8 bytes)
1742669432.078856 sending message 112 to peer 0x642d310fbe00 (14 bytes)
1742669432.078858 sending message 112 to peer 0x642d310fbe00 (9 bytes)
1742669432.078859 sending message 112 to peer 0x642d310fbe00 (10 bytes)
1742669432.078861 sending message 112 to peer 0x642d310fbe00 (10 bytes)
1742669432.078863 sending message 112 to peer 0x642d310fbe00 (10 bytes)
1742669432.078864 sending message 112 to peer 0x642d310fbe00 (10 bytes)
1742669432.078866 sending message 112 to peer 0x642d310fbe00 (11 bytes)
1742669432.078867 sending message 112 to peer 0x642d310fbe00 (12 bytes)
1742669432.078872 sending message 112 to peer 0x642d310fbe00 (12 bytes)
1742669432.078876 sending message 112 to peer 0x642d310fbe00 (12 bytes)
1742669432.078878 sending message 112 to peer 0x642d310fbe00 (12 bytes)
1742669432.078880 sending message 112 to peer 0x642d310fbe00 (12 bytes)
1742669432.078881 sending message 112 to peer 0x642d310fbe00 (11 bytes)
1742669432.078883 sending message 112 to peer 0x642d310fbe00 (11 bytes)
1742669432.078884 sending message 112 to peer 0x642d310fbe00 (12 bytes)
1742669432.078886 sending message 112 to peer 0x642d310fbe00 (12 bytes)
1742669432.078887 sending message 112 to peer 0x642d310fbe00 (12 bytes)
1742669432.078888 sending message 112 to peer 0x642d310fbe00 (12 bytes)
1742669432.078890 sending message 112 to peer 0x642d310fbe00 (12 bytes)
1742669432.078891 sending message 112 to peer 0x642d310fbe00 (9 bytes)
1742669432.078893 sending message 112 to peer 0x642d310fbe00 (12 bytes)
1742669432.078894 sending message 112 to peer 0x642d310fbe00 (13 bytes)
1742669432.078896 sending message 112 to peer 0x642d310fbe00 (13 bytes)
1742669432.078897 sending message 112 to peer 0x642d310fbe00 (13 bytes)
1742669432.078899 sending message 112 to peer 0x642d310fbe00 (13 bytes)
1742669432.078900 sending message 112 to peer 0x642d310fbe00 (13 bytes)
1742669432.078902 sending message 112 to peer 0x642d310fbe00 (8 bytes)
1742669432.078903 sending message 112 to peer 0x642d310fbe00 (11 bytes)
1742669432.078905 sending message 112 to peer 0x642d310fbe00 (11 bytes)
1742669432.078906 sending message 112 to peer 0x642d310fbe00 (11 bytes)
1742669432.078908 sending message 112 to peer 0x642d310fbe00 (12 bytes)
1742669432.078909 sending message 112 to peer 0x642d310fbe00 (12 bytes)
1742669432.078911 sending message 112 to peer 0x642d310fbe00 (13 bytes)
1742669432.078912 sending message 112 to peer 0x642d310fbe00 (12 bytes)
1742669432.078914 sending message 112 to peer 0x642d310fbe00 (13 bytes)
1742669432.078915 sending message 112 to peer 0x642d310fbe00 (13 bytes)
1742669432.078917 sending message 112 to peer 0x642d310fbe00 (13 bytes)
1742669432.078918 sending message 112 to peer 0x642d310fbe00 (8 bytes)
1742669432.078919 sending message 112 to peer 0x642d310fbe00 (13 bytes)
1742669432.078921 sending message 112 to peer 0x642d310fbe00 (13 bytes)
1742669432.078922 sending message 112 to peer 0x642d310fbe00 (13 bytes)
1742669432.078924 sending message 112 to peer 0x642d310fbe00 (13 bytes)
1742669432.078925 sending message 112 to peer 0x642d310fbe00 (13 bytes)
1742669432.078927 sending message 112 to peer 0x642d310fbe00 (12 bytes)
1742669432.078928 sending message 112 to peer 0x642d310fbe00 (12 bytes)
1742669432.078930 sending message 112 to peer 0x642d310fbe00 (13 bytes)
1742669432.078931 sending message 112 to peer 0x642d310fbe00 (12 bytes)
1742669432.078933 sending message 112 to peer 0x642d310fbe00 (13 bytes)
1742669432.078934 sending message 112 to peer 0x642d310fbe00 (8 bytes)
1742669432.078936 sending message 112 to peer 0x642d310fbe00 (13 bytes)
1742669432.078937 sending message 112 to peer 0x642d310fbe00 (13 bytes)
1742669432.078939 sending message 112 to peer 0x642d310fbe00 (13 bytes)
1742669432.078940 sending message 112 to peer 0x642d310fbe00 (13 bytes)
1742669432.078942 sending message 112 to peer 0x642d310fbe00 (13 bytes)
1742669432.078943 sending message 112 to peer 0x642d310fbe00 (13 bytes)
1742669432.078945 sending message 112 to peer 0x642d310fbe00 (13 bytes)
1742669432.078946 sending message 112 to peer 0x642d310fbe00 (12 bytes)
1742669432.078947 sending message 112 to peer 0x642d310fbe00 (12 bytes)
1742669432.078949 sending message 112 to peer 0x642d310fbe00 (13 bytes)
1742669432.078950 sending message 112 to peer 0x642d310fbe00 (8 bytes)
1742669432.078952 sending message 112 to peer 0x642d310fbe00 (12 bytes)
1742669432.078953 sending message 112 to peer 0x642d310fbe00 (13 bytes)
1742669432.078955 sending message 112 to peer 0x642d310fbe00 (13 bytes)
1742669432.078956 sending message 112 to peer 0x642d310fbe00 (13 bytes)
1742669432.078958 sending message 112 to peer 0x642d310fbe00 (13 bytes)
1742669432.078960 sending message 112 to peer 0x642d310fbe00 (13 bytes)
1742669432.078963 sending message 112 to peer 0x642d310fbe00 (13 bytes)
1742669432.078965 sending message 112 to peer 0x642d310fbe00 (13 bytes)
1742669432.078966 sending message 112 to peer 0x642d310fbe00 (13 bytes)
1742669432.078968 sending message 112 to peer 0x642d310fbe00 (12 bytes)
1742669432.078969 sending message 112 to peer 0x642d310fbe00 (10 bytes)
1742669432.078971 sending message 112 to peer 0x642d310fbe00 (12 bytes)
1742669432.078972 sending message 112 to peer 0x642d310fbe00 (13 bytes)
1742669432.078973 sending message 112 to peer 0x642d310fbe00 (12 bytes)
1742669432.078975 sending message 112 to peer 0x642d310fbe00 (13 bytes)
1742669432.078976 sending message 112 to peer 0x642d310fbe00 (13 bytes)
1742669432.078978 sending message 112 to peer 0x642d310fbe00 (13 bytes)
1742669432.078979 sending message 112 to peer 0x642d310fbe00 (13 bytes)
1742669432.078981 sending message 112 to peer 0x642d310fbe00 (13 bytes)
1742669432.078982 sending message 112 to peer 0x642d310fbe00 (13 bytes)
1742669432.078984 sending message 112 to peer 0x642d310fbe00 (13 bytes)
1742669432.078985 sending message 112 to peer 0x642d310fbe00 (10 bytes)
1742669432.078987 sending message 112 to peer 0x642d310fbe00 (13 bytes)
1742669432.078988 sending message 112 to peer 0x642d310fbe00 (12 bytes)
1742669432.078990 sending message 112 to peer 0x642d310fbe00 (12 bytes)
1742669432.078991 sending message 112 to peer 0x642d310fbe00 (13 bytes)
1742669432.078993 sending message 112 to peer 0x642d310fbe00 (10 bytes)
1742669432.078994 sending message 112 to peer 0x642d310fbe00 (10 bytes)
1742669432.078996 sending message 112 to peer 0x642d310fbe00 (10 bytes)
1742669432.078997 sending message 112 to peer 0x642d310fbe00 (12 bytes)
1742669432.078998 sending message 112 to peer 0x642d310fbe00 (13 bytes)
1742669432.079000 sending message 112 to peer 0x642d310fbe00 (13 bytes)
1742669432.079001 sending message 112 to peer 0x642d310fbe00 (13 bytes)
1742669432.079003 sending message 112 to peer 0x642d310fbe00 (13 bytes)
1742669432.079004 sending message 112 to peer 0x642d310fbe00 (13 bytes)
1742669432.079006 sending message 112 to peer 0x642d310fbe00 (10 bytes)
1742669432.079007 sending message 112 to peer 0x642d310fbe00 (11 bytes)
1742669432.079009 sending message 112 to peer 0x642d310fbe00 (12 bytes)
1742669432.079010 sending message 112 to peer 0x642d310fbe00 (12 bytes)
1742669432.079012 sending message 112 to peer 0x642d310fbe00 (12 bytes)
1742669432.079013 sending message 112 to peer 0x642d310fbe00 (12 bytes)
1742669432.079014 sending message 112 to peer 0x642d310fbe00 (12 bytes)
1742669432.079016 sending message 112 to peer 0x642d310fbe00 (11 bytes)
1742669432.079017 sending message 112 to peer 0x642d310fbe00 (12 bytes)
1742669432.079019 sending message 112 to peer 0x642d310fbe00 (12 bytes)
1742669432.079020 sending message 112 to peer 0x642d310fbe00 (13 bytes)
1742669432.079022 sending message 112 to peer 0x642d310fbe00 (13 bytes)
1742669432.079023 sending message 112 to peer 0x642d310fbe00 (13 bytes)
1742669432.079025 sending message 112 to peer 0x642d310fbe00 (13 bytes)
1742669432.079026 sending message 112 to peer 0x642d310fbe00 (13 bytes)
1742669432.079028 sending message 112 to peer 0x642d310fbe00 (10 bytes)
1742669432.079029 sending message 112 to peer 0x642d310fbe00 (9 bytes)
1742669432.079031 sending message 112 to peer 0x642d310fbe00 (12 bytes)
1742669432.079032 sending message 112 to peer 0x642d310fbe00 (13 bytes)
1742669432.079034 sending message 112 to peer 0x642d310fbe00 (13 bytes)
1742669432.079035 sending message 112 to peer 0x642d310fbe00 (13 bytes)
1742669432.079036 sending message 112 to peer 0x642d310fbe00 (13 bytes)
1742669432.079038 sending message 112 to peer 0x642d310fbe00 (13 bytes)
1742669432.079039 sending message 112 to peer 0x642d310fbe00 (9 bytes)
1742669432.079041 sending message 112 to peer 0x642d310fbe00 (12 bytes)
1742669432.079042 sending message 112 to peer 0x642d310fbe00 (13 bytes)
1742669432.079044 sending message 112 to peer 0x642d310fbe00 (13 bytes)
1742669432.079046 sending message 112 to peer 0x642d310fbe00 (13 bytes)
1742669432.079049 sending message 112 to peer 0x642d310fbe00 (13 bytes)
1742669432.079050 sending message 112 to peer 0x642d310fbe00 (13 bytes)
1742669432.079052 sending message 112 to peer 0x642d310fbe00 (11 bytes)
1742669432.079053 sending message 112 to peer 0x642d310fbe00 (12 bytes)
1742669432.079055 sending message 112 to peer 0x642d310fbe00 (13 bytes)
1742669432.079056 sending message 112 to peer 0x642d310fbe00 (13 bytes)
1742669432.079058 sending message 112 to peer 0x642d310fbe00 (13 bytes)
1742669432.079059 sending message 112 to peer 0x642d310fbe00 (13 bytes)
1742669432.079061 sending message 112 to peer 0x642d310fbe00 (13 bytes)
1742669432.079062 sending message 112 to peer 0x642d310fbe00 (11 bytes)
1742669432.079064 sending message 112 to peer 0x642d310fbe00 (12 bytes)
1742669432.079065 sending message 112 to peer 0x642d310fbe00 (12 bytes)
1742669432.079067 sending message 112 to peer 0x642d310fbe00 (12 bytes)
1742669432.079068 sending message 112 to peer 0x642d310fbe00 (12 bytes)
1742669432.079069 sending message 112 to peer 0x642d310fbe00 (12 bytes)
1742669432.079071 sending message 112 to peer 0x642d310fbe00 (22 bytes)
1742669432.079072 sending message 112 to peer 0x642d310fbe00 (12 bytes)
1742669432.079074 sending message 112 to peer 0x642d310fbe00 (9 bytes)
1742669432.079076 sending message 112 to peer 0x642d310fbe00 (6 bytes)
1742669432.079077 sending message 112 to peer 0x642d310fbe00 (13 bytes)
1742669432.079079 sending message 112 to peer 0x642d310fbe00 (10 bytes)
1742669432.079080 sending message 112 to peer 0x642d310fbe00 (15 bytes)
1742669432.079082 sending message 112 to peer 0x642d310fbe00 (11 bytes)
1742669432.079083 sending message 112 to peer 0x642d310fbe00 (9 bytes)
1742669432.079085 sending message 112 to peer 0x642d310fbe00 (70 bytes)
1742669432.079086 sending message 112 to peer 0x642d310fbe00 (69 bytes)
1742669432.079088 sending message 112 to peer 0x642d310fbe00 (34 bytes)
1742669432.079090 sending message 112 to peer 0x642d310fbe00 (34 bytes)
1742669432.079091 sending message 112 to peer 0x642d310fbe00 (69 bytes)
1742669432.079093 sending message 112 to peer 0x642d310fbe00 (12 bytes)
1742669432.079094 sending message 112 to peer 0x642d310fbe00 (10 bytes)
1742669432.079096 sending message 112 to peer 0x642d310fbe00 (10 bytes)
1742669432.079097 sending message 112 to peer 0x642d310fbe00 (15 bytes)
1742669432.079099 sending message 112 to peer 0x642d310fbe00 (11 bytes)
1742669432.079100 sending message 112 to peer 0x642d310fbe00 (10 bytes)
1742669432.079102 sending message 112 to peer 0x642d310fbe00 (10 bytes)
1742669432.079103 sending message 112 to peer 0x642d310fbe00 (17 bytes)
1742669432.079105 sending message 112 to peer 0x642d310fbe00 (10 bytes)
1742669432.079106 sending message 112 to peer 0x642d310fbe00 (13 bytes)
1742669432.079108 sending message 112 to peer 0x642d310fbe00 (17 bytes)
1742669432.079110 sending message 112 to peer 0x642d310fbe00 (5 bytes)
1742669432.079112 sending message 112 to peer 0x642d310fbe00 (9 bytes)
1742669432.079113 sending message 112 to peer 0x642d310fbe00 (15 bytes)
1742669432.079115 sending message 104 to peer 0x642d310fbe00 (0 bytes)
1742669432.079117 sending message 110 to peer 0x642d310fbe00 (0 bytes)
1742669432.079119 sending message 107 to peer 0x642d310fbe00 (4 bytes)
1742669432.079121 sending message 105 to peer 0x642d310fbe00 (19 bytes)
1742669432.079122 sending message 105 to peer 0x642d310fbe00 (22 bytes)
1742669432.079124 sending message 105 to peer 0x642d310fbe00 (20 bytes)
1742669432.079125 sending message 105 to peer 0x642d310fbe00 (25 bytes)
1742669432.079127 sending message 105 to peer 0x642d310fbe00 (64 bytes)
1742669432.079129 sending message 105 to peer 0x642d310fbe00 (16 bytes)
1742669432.079130 sending message 105 to peer 0x642d310fbe00 (15 bytes)
1742669432.079132 sending message 105 to peer 0x642d310fbe00 (24 bytes)
1742669432.079133 sending message 105 to peer 0x642d310fbe00 (29 bytes)
1742669432.079135 sending message 105 to peer 0x642d310fbe00 (13 bytes)
1742669432.079137 sending message 105 to peer 0x642d310fbe00 (25 bytes)
1742669432.079140 sending message 105 to peer 0x642d310fbe00 (15 bytes)
1742669432.079142 sending message 105 to peer 0x642d310fbe00 (21 bytes)
1742669432.079143 sending message 105 to peer 0x642d310fbe00 (16 bytes)
1742669432.079145 sending message 105 to peer 0x642d310fbe00 (14 bytes)
1742669432.079147 sending message 105 to peer 0x642d310fbe00 (17 bytes)
1742669432.079148 sending message 105 to peer 0x642d310fbe00 (30 bytes)
1742669432.079150 sending message 105 to peer 0x642d310fbe00 (29 bytes)
1742669432.079151 sending message 105 to peer 0x642d310fbe00 (26 bytes)
1742669432.079153 sending message 105 to peer 0x642d310fbe00 (23 bytes)
1742669432.079155 sending message 105 to peer 0x642d310fbe00 (10 bytes)
1742669432.079156 sending message 105 to peer 0x642d310fbe00 (90 bytes)
1742669432.079158 sending message 105 to peer 0x642d310fbe00 (11 bytes)
1742669432.079159 sending message 105 to peer 0x642d310fbe00 (8 bytes)
1742669432.079161 sending message 105 to peer 0x642d310fbe00 (21 bytes)
1742669432.079163 sending message 105 to peer 0x642d310fbe00 (11 bytes)
1742669432.079164 sending message 105 to peer 0x642d310fbe00 (17 bytes)
1742669432.079166 sending message 105 to peer 0x642d310fbe00 (31 bytes)
1742669432.079167 sending message 105 to peer 0x642d310fbe00 (121 bytes)
1742669432.079169 sending message 105 to peer 0x642d310fbe00 (71 bytes)
1742669432.079171 sending message 105 to peer 0x642d310fbe00 (20 bytes)
1742669432.079172 sending message 105 to peer 0x642d310fbe00 (54 bytes)
1742669432.079174 sending message 105 to peer 0x642d310fbe00 (26 bytes)
1742669432.079175 sending message 105 to peer 0x642d310fbe00 (19 bytes)
1742669432.079177 sending message 105 to peer 0x642d310fbe00 (16 bytes)
1742669432.079178 sending message 105 to peer 0x642d310fbe00 (18 bytes)
1742669432.079180 sending message 105 to peer 0x642d310fbe00 (17 bytes)
1742669432.079182 sending message 105 to peer 0x642d310fbe00 (20 bytes)
1742669432.079184 sending message 105 to peer 0x642d310fbe00 (16 bytes)
1742669432.079185 sending message 105 to peer 0x642d310fbe00 (60 bytes)
1742669432.079187 sending message 105 to peer 0x642d310fbe00 (33 bytes)
1742669432.079188 sending message 105 to peer 0x642d310fbe00 (38 bytes)
1742669432.079190 sending message 105 to peer 0x642d310fbe00 (18 bytes)
1742669432.079191 sending message 105 to peer 0x642d310fbe00 (43 bytes)
1742669432.079193 sending message 105 to peer 0x642d310fbe00 (38 bytes)
1742669432.079194 sending message 105 to peer 0x642d310fbe00 (16 bytes)
1742669432.079196 sending message 105 to peer 0x642d310fbe00 (19 bytes)
1742669432.079198 sending message 105 to peer 0x642d310fbe00 (38 bytes)
1742669432.079199 sending message 105 to peer 0x642d310fbe00 (12 bytes)
1742669432.079201 sending message 105 to peer 0x642d310fbe00 (17 bytes)
1742669432.079202 sending message 106 to peer 0x642d310fbe00 (0 bytes)
1742669432.079225 sending message 200 to peer 0x642d310fbe00 (4 bytes)
1742669432.079226 client loop enter
1742669432.084812 peer 0x642d310fbe00 message 207
1742669432.084827 sending message 208 to peer 0x642d310fbe00 (0 bytes)
1742669438.958576 peer 0x642d310fbe00 message 203
1742669438.958598 sending message 205 to peer 0x642d310fbe00 (0 bytes)
1742669438.958920 peer 0x642d310fbe00 message 204
1742669438.958925 client loop exit
