1742669421.289820 client started (20652): version 3.5a, socket /tmp/tmux-1000/default, protocol 8
1742669421.289840 on Linux 6.13.7-arch1-1 #1 SMP PREEMPT_DYNAMIC Thu, 13 Mar 2025 18:12:00 +0000
1742669421.289850 using libevent 2.1.12-stable poll
1742669421.289853 using ncurses 6.5 20240427
1742669421.289867 flags are 0x10010000
1742669421.289876 socket is /tmp/tmux-1000/default
1742669421.289887 trying connect
1742669421.289932 add peer 0x5e84c82131e0: 6 ((nil))
1742669421.290166 sending message 111 to peer 0x5e84c82131e0 (8 bytes)
1742669421.290169 sending message 111 to peer 0x5e84c82131e0 (8 bytes)
1742669421.290170 sending message 101 to peer 0x5e84c82131e0 (14 bytes)
1742669421.290172 sending message 109 to peer 0x5e84c82131e0 (4 bytes)
1742669421.290173 sending message 102 to peer 0x5e84c82131e0 (11 bytes)
1742669421.290174 sending message 108 to peer 0x5e84c82131e0 (20 bytes)
1742669421.290175 sending message 112 to peer 0x5e84c82131e0 (70 bytes)
1742669421.290176 sending message 112 to peer 0x5e84c82131e0 (5 bytes)
1742669421.290177 sending message 112 to peer 0x5e84c82131e0 (5 bytes)
1742669421.290178 sending message 112 to peer 0x5e84c82131e0 (6 bytes)
1742669421.290179 sending message 112 to peer 0x5e84c82131e0 (6 bytes)
1742669421.290180 sending message 112 to peer 0x5e84c82131e0 (11 bytes)
1742669421.290181 sending message 112 to peer 0x5e84c82131e0 (10 bytes)
1742669421.290182 sending message 112 to peer 0x5e84c82131e0 (13 bytes)
1742669421.290183 sending message 112 to peer 0x5e84c82131e0 (13 bytes)
1742669421.290184 sending message 112 to peer 0x5e84c82131e0 (18 bytes)
1742669421.290185 sending message 112 to peer 0x5e84c82131e0 (11 bytes)
1742669421.290186 sending message 112 to peer 0x5e84c82131e0 (10 bytes)
1742669421.290187 sending message 112 to peer 0x5e84c82131e0 (15 bytes)
1742669421.290188 sending message 112 to peer 0x5e84c82131e0 (21 bytes)
1742669421.290189 sending message 112 to peer 0x5e84c82131e0 (13 bytes)
1742669421.290190 sending message 112 to peer 0x5e84c82131e0 (7 bytes)
1742669421.290191 sending message 112 to peer 0x5e84c82131e0 (13 bytes)
1742669421.290192 sending message 112 to peer 0x5e84c82131e0 (7 bytes)
1742669421.290192 sending message 112 to peer 0x5e84c82131e0 (13 bytes)
1742669421.290193 sending message 112 to peer 0x5e84c82131e0 (9 bytes)
1742669421.290194 sending message 112 to peer 0x5e84c82131e0 (21 bytes)
1742669421.290195 sending message 112 to peer 0x5e84c82131e0 (13 bytes)
1742669421.290196 sending message 112 to peer 0x5e84c82131e0 (8 bytes)
1742669421.290197 sending message 112 to peer 0x5e84c82131e0 (12 bytes)
1742669421.290198 sending message 112 to peer 0x5e84c82131e0 (13 bytes)
1742669421.290199 sending message 112 to peer 0x5e84c82131e0 (9 bytes)
1742669421.290200 sending message 112 to peer 0x5e84c82131e0 (9 bytes)
1742669421.290201 sending message 112 to peer 0x5e84c82131e0 (12 bytes)
1742669421.290202 sending message 112 to peer 0x5e84c82131e0 (8 bytes)
1742669421.290203 sending message 112 to peer 0x5e84c82131e0 (8 bytes)
1742669421.290204 sending message 112 to peer 0x5e84c82131e0 (7 bytes)
1742669421.290205 sending message 112 to peer 0x5e84c82131e0 (7 bytes)
1742669421.290205 sending message 112 to peer 0x5e84c82131e0 (9 bytes)
1742669421.290206 sending message 112 to peer 0x5e84c82131e0 (13 bytes)
1742669421.290207 sending message 112 to peer 0x5e84c82131e0 (6 bytes)
1742669421.290208 sending message 112 to peer 0x5e84c82131e0 (9 bytes)
1742669421.290209 sending message 112 to peer 0x5e84c82131e0 (15 bytes)
1742669421.290210 sending message 112 to peer 0x5e84c82131e0 (13 bytes)
1742669421.290211 sending message 112 to peer 0x5e84c82131e0 (12 bytes)
1742669421.290212 sending message 112 to peer 0x5e84c82131e0 (8 bytes)
1742669421.290213 sending message 112 to peer 0x5e84c82131e0 (14 bytes)
1742669421.290214 sending message 112 to peer 0x5e84c82131e0 (11 bytes)
1742669421.290215 sending message 112 to peer 0x5e84c82131e0 (9 bytes)
1742669421.290216 sending message 112 to peer 0x5e84c82131e0 (10 bytes)
1742669421.290217 sending message 112 to peer 0x5e84c82131e0 (10 bytes)
1742669421.290220 sending message 112 to peer 0x5e84c82131e0 (10 bytes)
1742669421.290223 sending message 112 to peer 0x5e84c82131e0 (10 bytes)
1742669421.290224 sending message 112 to peer 0x5e84c82131e0 (11 bytes)
1742669421.290225 sending message 112 to peer 0x5e84c82131e0 (12 bytes)
1742669421.290226 sending message 112 to peer 0x5e84c82131e0 (12 bytes)
1742669421.290227 sending message 112 to peer 0x5e84c82131e0 (12 bytes)
1742669421.290228 sending message 112 to peer 0x5e84c82131e0 (12 bytes)
1742669421.290229 sending message 112 to peer 0x5e84c82131e0 (12 bytes)
1742669421.290230 sending message 112 to peer 0x5e84c82131e0 (11 bytes)
1742669421.290231 sending message 112 to peer 0x5e84c82131e0 (11 bytes)
1742669421.290232 sending message 112 to peer 0x5e84c82131e0 (12 bytes)
1742669421.290233 sending message 112 to peer 0x5e84c82131e0 (12 bytes)
1742669421.290234 sending message 112 to peer 0x5e84c82131e0 (12 bytes)
1742669421.290235 sending message 112 to peer 0x5e84c82131e0 (12 bytes)
1742669421.290236 sending message 112 to peer 0x5e84c82131e0 (12 bytes)
1742669421.290237 sending message 112 to peer 0x5e84c82131e0 (10 bytes)
1742669421.290238 sending message 112 to peer 0x5e84c82131e0 (12 bytes)
1742669421.290239 sending message 112 to peer 0x5e84c82131e0 (13 bytes)
1742669421.290240 sending message 112 to peer 0x5e84c82131e0 (13 bytes)
1742669421.290241 sending message 112 to peer 0x5e84c82131e0 (13 bytes)
1742669421.290241 sending message 112 to peer 0x5e84c82131e0 (13 bytes)
1742669421.290242 sending message 112 to peer 0x5e84c82131e0 (13 bytes)
1742669421.290243 sending message 112 to peer 0x5e84c82131e0 (8 bytes)
1742669421.290244 sending message 112 to peer 0x5e84c82131e0 (11 bytes)
1742669421.290245 sending message 112 to peer 0x5e84c82131e0 (11 bytes)
1742669421.290246 sending message 112 to peer 0x5e84c82131e0 (11 bytes)
1742669421.290247 sending message 112 to peer 0x5e84c82131e0 (12 bytes)
1742669421.290248 sending message 112 to peer 0x5e84c82131e0 (12 bytes)
1742669421.290249 sending message 112 to peer 0x5e84c82131e0 (12 bytes)
1742669421.290250 sending message 112 to peer 0x5e84c82131e0 (12 bytes)
1742669421.290251 sending message 112 to peer 0x5e84c82131e0 (13 bytes)
1742669421.290252 sending message 112 to peer 0x5e84c82131e0 (13 bytes)
1742669421.290253 sending message 112 to peer 0x5e84c82131e0 (13 bytes)
1742669421.290254 sending message 112 to peer 0x5e84c82131e0 (8 bytes)
1742669421.290255 sending message 112 to peer 0x5e84c82131e0 (13 bytes)
1742669421.290256 sending message 112 to peer 0x5e84c82131e0 (13 bytes)
1742669421.290257 sending message 112 to peer 0x5e84c82131e0 (13 bytes)
1742669421.290258 sending message 112 to peer 0x5e84c82131e0 (13 bytes)
1742669421.290259 sending message 112 to peer 0x5e84c82131e0 (13 bytes)
1742669421.290260 sending message 112 to peer 0x5e84c82131e0 (12 bytes)
1742669421.290261 sending message 112 to peer 0x5e84c82131e0 (12 bytes)
1742669421.290262 sending message 112 to peer 0x5e84c82131e0 (12 bytes)
1742669421.290262 sending message 112 to peer 0x5e84c82131e0 (12 bytes)
1742669421.290263 sending message 112 to peer 0x5e84c82131e0 (13 bytes)
1742669421.290264 sending message 112 to peer 0x5e84c82131e0 (8 bytes)
1742669421.290265 sending message 112 to peer 0x5e84c82131e0 (13 bytes)
1742669421.290266 sending message 112 to peer 0x5e84c82131e0 (13 bytes)
1742669421.290267 sending message 112 to peer 0x5e84c82131e0 (13 bytes)
1742669421.290268 sending message 112 to peer 0x5e84c82131e0 (13 bytes)
1742669421.290269 sending message 112 to peer 0x5e84c82131e0 (13 bytes)
1742669421.290270 sending message 112 to peer 0x5e84c82131e0 (13 bytes)
1742669421.290271 sending message 112 to peer 0x5e84c82131e0 (13 bytes)
1742669421.290272 sending message 112 to peer 0x5e84c82131e0 (12 bytes)
1742669421.290273 sending message 112 to peer 0x5e84c82131e0 (12 bytes)
1742669421.290274 sending message 112 to peer 0x5e84c82131e0 (12 bytes)
1742669421.290275 sending message 112 to peer 0x5e84c82131e0 (8 bytes)
1742669421.290276 sending message 112 to peer 0x5e84c82131e0 (12 bytes)
1742669421.290279 sending message 112 to peer 0x5e84c82131e0 (13 bytes)
1742669421.290280 sending message 112 to peer 0x5e84c82131e0 (13 bytes)
1742669421.290281 sending message 112 to peer 0x5e84c82131e0 (13 bytes)
1742669421.290282 sending message 112 to peer 0x5e84c82131e0 (13 bytes)
1742669421.290284 sending message 112 to peer 0x5e84c82131e0 (13 bytes)
1742669421.290284 sending message 112 to peer 0x5e84c82131e0 (13 bytes)
1742669421.290285 sending message 112 to peer 0x5e84c82131e0 (13 bytes)
1742669421.290286 sending message 112 to peer 0x5e84c82131e0 (13 bytes)
1742669421.290287 sending message 112 to peer 0x5e84c82131e0 (12 bytes)
1742669421.290288 sending message 112 to peer 0x5e84c82131e0 (10 bytes)
1742669421.290289 sending message 112 to peer 0x5e84c82131e0 (12 bytes)
1742669421.290290 sending message 112 to peer 0x5e84c82131e0 (12 bytes)
1742669421.290291 sending message 112 to peer 0x5e84c82131e0 (12 bytes)
1742669421.290292 sending message 112 to peer 0x5e84c82131e0 (13 bytes)
1742669421.290293 sending message 112 to peer 0x5e84c82131e0 (13 bytes)
1742669421.290294 sending message 112 to peer 0x5e84c82131e0 (13 bytes)
1742669421.290295 sending message 112 to peer 0x5e84c82131e0 (13 bytes)
1742669421.290296 sending message 112 to peer 0x5e84c82131e0 (13 bytes)
1742669421.290297 sending message 112 to peer 0x5e84c82131e0 (13 bytes)
1742669421.290298 sending message 112 to peer 0x5e84c82131e0 (13 bytes)
1742669421.290299 sending message 112 to peer 0x5e84c82131e0 (10 bytes)
1742669421.290300 sending message 112 to peer 0x5e84c82131e0 (13 bytes)
1742669421.290300 sending message 112 to peer 0x5e84c82131e0 (12 bytes)
1742669421.290301 sending message 112 to peer 0x5e84c82131e0 (12 bytes)
1742669421.290302 sending message 112 to peer 0x5e84c82131e0 (12 bytes)
1742669421.290303 sending message 112 to peer 0x5e84c82131e0 (10 bytes)
1742669421.290304 sending message 112 to peer 0x5e84c82131e0 (10 bytes)
1742669421.290305 sending message 112 to peer 0x5e84c82131e0 (10 bytes)
1742669421.290306 sending message 112 to peer 0x5e84c82131e0 (12 bytes)
1742669421.290307 sending message 112 to peer 0x5e84c82131e0 (13 bytes)
1742669421.290308 sending message 112 to peer 0x5e84c82131e0 (13 bytes)
1742669421.290309 sending message 112 to peer 0x5e84c82131e0 (13 bytes)
1742669421.290310 sending message 112 to peer 0x5e84c82131e0 (13 bytes)
1742669421.290311 sending message 112 to peer 0x5e84c82131e0 (13 bytes)
1742669421.290312 sending message 112 to peer 0x5e84c82131e0 (11 bytes)
1742669421.290313 sending message 112 to peer 0x5e84c82131e0 (11 bytes)
1742669421.290314 sending message 112 to peer 0x5e84c82131e0 (12 bytes)
1742669421.290315 sending message 112 to peer 0x5e84c82131e0 (12 bytes)
1742669421.290315 sending message 112 to peer 0x5e84c82131e0 (12 bytes)
1742669421.290316 sending message 112 to peer 0x5e84c82131e0 (12 bytes)
1742669421.290317 sending message 112 to peer 0x5e84c82131e0 (12 bytes)
1742669421.290318 sending message 112 to peer 0x5e84c82131e0 (11 bytes)
1742669421.290319 sending message 112 to peer 0x5e84c82131e0 (12 bytes)
1742669421.290320 sending message 112 to peer 0x5e84c82131e0 (12 bytes)
1742669421.290321 sending message 112 to peer 0x5e84c82131e0 (13 bytes)
1742669421.290322 sending message 112 to peer 0x5e84c82131e0 (13 bytes)
1742669421.290323 sending message 112 to peer 0x5e84c82131e0 (13 bytes)
1742669421.290324 sending message 112 to peer 0x5e84c82131e0 (13 bytes)
1742669421.290325 sending message 112 to peer 0x5e84c82131e0 (13 bytes)
1742669421.290326 sending message 112 to peer 0x5e84c82131e0 (10 bytes)
1742669421.290327 sending message 112 to peer 0x5e84c82131e0 (9 bytes)
1742669421.290328 sending message 112 to peer 0x5e84c82131e0 (12 bytes)
1742669421.290329 sending message 112 to peer 0x5e84c82131e0 (13 bytes)
1742669421.290330 sending message 112 to peer 0x5e84c82131e0 (13 bytes)
1742669421.290331 sending message 112 to peer 0x5e84c82131e0 (13 bytes)
1742669421.290331 sending message 112 to peer 0x5e84c82131e0 (13 bytes)
1742669421.290332 sending message 112 to peer 0x5e84c82131e0 (13 bytes)
1742669421.290334 sending message 112 to peer 0x5e84c82131e0 (9 bytes)
1742669421.290336 sending message 112 to peer 0x5e84c82131e0 (12 bytes)
1742669421.290337 sending message 112 to peer 0x5e84c82131e0 (13 bytes)
1742669421.290338 sending message 112 to peer 0x5e84c82131e0 (13 bytes)
1742669421.290339 sending message 112 to peer 0x5e84c82131e0 (13 bytes)
1742669421.290340 sending message 112 to peer 0x5e84c82131e0 (13 bytes)
1742669421.290341 sending message 112 to peer 0x5e84c82131e0 (13 bytes)
1742669421.290342 sending message 112 to peer 0x5e84c82131e0 (11 bytes)
1742669421.290343 sending message 112 to peer 0x5e84c82131e0 (12 bytes)
1742669421.290344 sending message 112 to peer 0x5e84c82131e0 (13 bytes)
1742669421.290345 sending message 112 to peer 0x5e84c82131e0 (13 bytes)
1742669421.290345 sending message 112 to peer 0x5e84c82131e0 (13 bytes)
1742669421.290346 sending message 112 to peer 0x5e84c82131e0 (13 bytes)
1742669421.290347 sending message 112 to peer 0x5e84c82131e0 (13 bytes)
1742669421.290348 sending message 112 to peer 0x5e84c82131e0 (11 bytes)
1742669421.290349 sending message 112 to peer 0x5e84c82131e0 (12 bytes)
1742669421.290350 sending message 112 to peer 0x5e84c82131e0 (12 bytes)
1742669421.290351 sending message 112 to peer 0x5e84c82131e0 (12 bytes)
1742669421.290352 sending message 112 to peer 0x5e84c82131e0 (12 bytes)
1742669421.290353 sending message 112 to peer 0x5e84c82131e0 (12 bytes)
1742669421.290354 sending message 112 to peer 0x5e84c82131e0 (21 bytes)
1742669421.290355 sending message 112 to peer 0x5e84c82131e0 (12 bytes)
1742669421.290356 sending message 112 to peer 0x5e84c82131e0 (9 bytes)
1742669421.290357 sending message 112 to peer 0x5e84c82131e0 (6 bytes)
1742669421.290358 sending message 112 to peer 0x5e84c82131e0 (13 bytes)
1742669421.290359 sending message 112 to peer 0x5e84c82131e0 (8 bytes)
1742669421.290360 sending message 112 to peer 0x5e84c82131e0 (15 bytes)
1742669421.290361 sending message 112 to peer 0x5e84c82131e0 (13 bytes)
1742669421.290362 sending message 112 to peer 0x5e84c82131e0 (9 bytes)
1742669421.290363 sending message 112 to peer 0x5e84c82131e0 (70 bytes)
1742669421.290364 sending message 112 to peer 0x5e84c82131e0 (69 bytes)
1742669421.290365 sending message 112 to peer 0x5e84c82131e0 (10 bytes)
1742669421.290366 sending message 112 to peer 0x5e84c82131e0 (10 bytes)
1742669421.290367 sending message 112 to peer 0x5e84c82131e0 (8 bytes)
1742669421.290368 sending message 112 to peer 0x5e84c82131e0 (15 bytes)
1742669421.290369 sending message 112 to peer 0x5e84c82131e0 (13 bytes)
1742669421.290370 sending message 112 to peer 0x5e84c82131e0 (10 bytes)
1742669421.290371 sending message 112 to peer 0x5e84c82131e0 (10 bytes)
1742669421.290372 sending message 112 to peer 0x5e84c82131e0 (17 bytes)
1742669421.290373 sending message 112 to peer 0x5e84c82131e0 (10 bytes)
1742669421.290374 sending message 112 to peer 0x5e84c82131e0 (13 bytes)
1742669421.290375 sending message 112 to peer 0x5e84c82131e0 (9 bytes)
1742669421.290376 sending message 112 to peer 0x5e84c82131e0 (5 bytes)
1742669421.290377 sending message 112 to peer 0x5e84c82131e0 (15 bytes)
1742669421.290378 sending message 104 to peer 0x5e84c82131e0 (0 bytes)
1742669421.290379 sending message 110 to peer 0x5e84c82131e0 (0 bytes)
1742669421.290381 sending message 107 to peer 0x5e84c82131e0 (4 bytes)
1742669421.290382 sending message 105 to peer 0x5e84c82131e0 (20 bytes)
1742669421.290383 sending message 105 to peer 0x5e84c82131e0 (54 bytes)
1742669421.290384 sending message 105 to peer 0x5e84c82131e0 (25 bytes)
1742669421.290385 sending message 105 to peer 0x5e84c82131e0 (11 bytes)
1742669421.290386 sending message 105 to peer 0x5e84c82131e0 (12 bytes)
1742669421.290387 sending message 105 to peer 0x5e84c82131e0 (20 bytes)
1742669421.290388 sending message 105 to peer 0x5e84c82131e0 (21 bytes)
1742669421.290389 sending message 105 to peer 0x5e84c82131e0 (64 bytes)
1742669421.290390 sending message 105 to peer 0x5e84c82131e0 (16 bytes)
1742669421.290391 sending message 105 to peer 0x5e84c82131e0 (19 bytes)
1742669421.290393 sending message 105 to peer 0x5e84c82131e0 (22 bytes)
1742669421.290395 sending message 105 to peer 0x5e84c82131e0 (90 bytes)
1742669421.290396 sending message 105 to peer 0x5e84c82131e0 (38 bytes)
1742669421.290397 sending message 105 to peer 0x5e84c82131e0 (16 bytes)
1742669421.290398 sending message 105 to peer 0x5e84c82131e0 (60 bytes)
1742669421.290399 sending message 105 to peer 0x5e84c82131e0 (18 bytes)
1742669421.290400 sending message 105 to peer 0x5e84c82131e0 (17 bytes)
1742669421.290401 sending message 105 to peer 0x5e84c82131e0 (13 bytes)
1742669421.290402 sending message 105 to peer 0x5e84c82131e0 (26 bytes)
1742669421.290403 sending message 105 to peer 0x5e84c82131e0 (15 bytes)
1742669421.290404 sending message 105 to peer 0x5e84c82131e0 (21 bytes)
1742669421.290405 sending message 105 to peer 0x5e84c82131e0 (27 bytes)
1742669421.290406 sending message 105 to peer 0x5e84c82131e0 (166 bytes)
1742669421.290408 sending message 105 to peer 0x5e84c82131e0 (16 bytes)
1742669421.290409 sending message 105 to peer 0x5e84c82131e0 (24 bytes)
1742669421.290410 sending message 105 to peer 0x5e84c82131e0 (19 bytes)
1742669421.290411 sending message 105 to peer 0x5e84c82131e0 (8 bytes)
1742669421.290412 sending message 105 to peer 0x5e84c82131e0 (38 bytes)
1742669421.290413 sending message 105 to peer 0x5e84c82131e0 (19 bytes)
1742669421.290414 sending message 105 to peer 0x5e84c82131e0 (17 bytes)
1742669421.290414 sending message 105 to peer 0x5e84c82131e0 (19 bytes)
1742669421.290415 sending message 105 to peer 0x5e84c82131e0 (33 bytes)
1742669421.290416 sending message 105 to peer 0x5e84c82131e0 (18 bytes)
1742669421.290418 sending message 105 to peer 0x5e84c82131e0 (26 bytes)
1742669421.290419 sending message 105 to peer 0x5e84c82131e0 (36 bytes)
1742669421.290420 sending message 105 to peer 0x5e84c82131e0 (13 bytes)
1742669421.290421 sending message 105 to peer 0x5e84c82131e0 (51 bytes)
1742669421.290422 sending message 105 to peer 0x5e84c82131e0 (10 bytes)
1742669421.290423 sending message 105 to peer 0x5e84c82131e0 (14 bytes)
1742669421.290424 sending message 105 to peer 0x5e84c82131e0 (26 bytes)
1742669421.290425 sending message 105 to peer 0x5e84c82131e0 (16 bytes)
1742669421.290426 sending message 105 to peer 0x5e84c82131e0 (20 bytes)
1742669421.290427 sending message 105 to peer 0x5e84c82131e0 (29 bytes)
1742669421.290428 sending message 105 to peer 0x5e84c82131e0 (121 bytes)
1742669421.290429 sending message 105 to peer 0x5e84c82131e0 (31 bytes)
1742669421.290430 sending message 105 to peer 0x5e84c82131e0 (15 bytes)
1742669421.290431 sending message 105 to peer 0x5e84c82131e0 (23 bytes)
1742669421.290432 sending message 105 to peer 0x5e84c82131e0 (29 bytes)
1742669421.290433 sending message 105 to peer 0x5e84c82131e0 (17 bytes)
1742669421.290434 sending message 105 to peer 0x5e84c82131e0 (25 bytes)
1742669421.290435 sending message 105 to peer 0x5e84c82131e0 (11 bytes)
1742669421.290436 sending message 105 to peer 0x5e84c82131e0 (43 bytes)
1742669421.290437 sending message 105 to peer 0x5e84c82131e0 (38 bytes)
1742669421.290438 sending message 105 to peer 0x5e84c82131e0 (16 bytes)
1742669421.290439 sending message 105 to peer 0x5e84c82131e0 (30 bytes)
1742669421.290440 sending message 105 to peer 0x5e84c82131e0 (50 bytes)
1742669421.290441 sending message 106 to peer 0x5e84c82131e0 (0 bytes)
1742669421.290456 sending message 200 to peer 0x5e84c82131e0 (4 bytes)
1742669421.290457 client loop enter
1742669421.291433 peer 0x5e84c82131e0 message 303
1742669421.291437 open write file 2 -
1742669421.291440 sending message 305 to peer 0x5e84c82131e0 (8 bytes)
1742669421.291445 write check file 2
1742669421.291524 peer 0x5e84c82131e0 message 304
1742669421.291526 write 58 to file 2
1742669421.291528 peer 0x5e84c82131e0 message 203
1742669421.291530 file 2 58 bytes left
1742669421.291535 write check file 2
1742669421.291536 client loop exit
